<?xml version="1.0" encoding="UTF-8"?>
<testng-results skipped="0" failed="0" ignored="0" total="1" passed="1">
  <reporter-output>
  </reporter-output>
  <suite name="Surefire suite" duration-ms="15257" started-at="2020-08-03T14:40:06 MSK" finished-at="2020-08-03T14:40:22 MSK">
    <groups>
    </groups>
    <test name="Surefire test" duration-ms="15257" started-at="2020-08-03T14:40:06 MSK" finished-at="2020-08-03T14:40:22 MSK">
      <class name="FirstTest">
        <test-method status="PASS" signature="setup()[pri:0, instance:FirstTest@40499e4f]" name="setup" is-config="true" duration-ms="4978" started-at="2020-08-03T14:40:06 MSK" finished-at="2020-08-03T14:40:11 MSK">
          <reporter-output>
          </reporter-output>
        </test-method> <!-- setup -->
        <test-method status="PASS" signature="test()[pri:0, instance:FirstTest@40499e4f]" name="test" duration-ms="10093" started-at="2020-08-03T14:40:11 MSK" finished-at="2020-08-03T14:40:21 MSK">
          <reporter-output>
          </reporter-output>
        </test-method> <!-- test -->
        <test-method status="PASS" signature="tearDown()[pri:0, instance:FirstTest@40499e4f]" name="tearDown" is-config="true" duration-ms="72" started-at="2020-08-03T14:40:21 MSK" finished-at="2020-08-03T14:40:22 MSK">
          <reporter-output>
          </reporter-output>
        </test-method> <!-- tearDown -->
      </class> <!-- FirstTest -->
    </test> <!-- Surefire test -->
  </suite> <!-- Surefire suite -->
</testng-results>
